Device: cuda
torch.cuda.get_device_name: AMD Radeon RX 7900 XTX
Warning: You are sending unauthenticated requests to the HF Hub. Please set a HF_TOKEN to enable higher rate limits and faster downloads.
Loading weights:   0%|          | 0/290 [00:00<?, ?it/s]Loading weights: 100%|██████████| 290/290 [00:00<00:00, 3925.46it/s]
pid:7653 tid:0x7f5efaee4080 [GetSegmentId] Failed to get segment id for type 1
pid:7653 tid:0x7f5efaee4080 [GetSegmentId] Failed to get segment id for type 1
{'epoch': 0, 'global_step': 10, 'optimizer_step': 1, 'did_optimizer_step': False, 'loss': 2.994331383705139, 'lr': 6.666666666666667e-05, 'step_time_sec': 0.05674862861633301, 'optimizer_time_sec': 0.0, 'mem_alloc_gb': 1.2234420776367188, 'mem_reserved_gb': 3.462890625, 'mem_peak_gb': 2.6273999214172363, 'elapsed_sec': 1.8881142139434814}
{'epoch': 0, 'global_step': 20, 'optimizer_step': 2, 'did_optimizer_step': False, 'loss': 2.6065001845359803, 'lr': 0.00013333333333333334, 'step_time_sec': 0.051006317138671875, 'optimizer_time_sec': 0.0, 'mem_alloc_gb': 1.1921753883361816, 'mem_reserved_gb': 3.470703125, 'mem_peak_gb': 2.6277074813842773, 'elapsed_sec': 2.452268362045288}
{'epoch': 0, 'global_step': 30, 'optimizer_step': 3, 'did_optimizer_step': False, 'loss': 2.9519386291503906, 'lr': 0.0002, 'step_time_sec': 0.04621458053588867, 'optimizer_time_sec': 0.0, 'mem_alloc_gb': 1.1315689086914062, 'mem_reserved_gb': 3.470703125, 'mem_peak_gb': 2.6277074813842773, 'elapsed_sec': 3.010432720184326}
{'epoch': 0, 'global_step': 40, 'optimizer_step': 5, 'did_optimizer_step': True, 'loss': 3.0136983394622803, 'lr': 0.00019672131147540985, 'step_time_sec': 0.05766749382019043, 'optimizer_time_sec': 0.0009407997131347656, 'mem_alloc_gb': 1.2214279174804688, 'mem_reserved_gb': 3.47265625, 'mem_peak_gb': 2.6277074813842773, 'elapsed_sec': 3.5622236728668213}
{'epoch': 0, 'global_step': 50, 'optimizer_step': 6, 'did_optimizer_step': False, 'loss': 2.9341758251190186, 'lr': 0.00019508196721311475, 'step_time_sec': 0.05671286582946777, 'optimizer_time_sec': 0.0, 'mem_alloc_gb': 1.2234420776367188, 'mem_reserved_gb': 3.47265625, 'mem_peak_gb': 2.6277074813842773, 'elapsed_sec': 4.113078355789185}
{'epoch': 0, 'global_step': 60, 'optimizer_step': 7, 'did_optimizer_step': False, 'loss': 3.0374194622039794, 'lr': 0.00019344262295081967, 'step_time_sec': 0.054137468338012695, 'optimizer_time_sec': 0.0, 'mem_alloc_gb': 1.2234420776367188, 'mem_reserved_gb': 3.47265625, 'mem_peak_gb': 2.6277074813842773, 'elapsed_sec': 4.640986442565918}
{'epoch': 0, 'global_step': 70, 'optimizer_step': 8, 'did_optimizer_step': False, 'loss': 2.7850948095321657, 'lr': 0.0001918032786885246, 'step_time_sec': 0.0553278923034668, 'optimizer_time_sec': 0.0, 'mem_alloc_gb': 1.2234420776367188, 'mem_reserved_gb': 3.47265625, 'mem_peak_gb': 2.6277074813842773, 'elapsed_sec': 5.202331066131592}
{'epoch': 0, 'global_step': 80, 'optimizer_step': 10, 'did_optimizer_step': True, 'loss': 2.9733463287353517, 'lr': 0.00018852459016393443, 'step_time_sec': 0.04583883285522461, 'optimizer_time_sec': 0.0008985996246337891, 'mem_alloc_gb': 1.1560564041137695, 'mem_reserved_gb': 3.47265625, 'mem_peak_gb': 2.6277074813842773, 'elapsed_sec': 5.716871500015259}
{'epoch': 0, 'global_step': 90, 'optimizer_step': 11, 'did_optimizer_step': False, 'loss': 2.806083345413208, 'lr': 0.00018688524590163935, 'step_time_sec': 0.0558779239654541, 'optimizer_time_sec': 0.0, 'mem_alloc_gb': 1.2234420776367188, 'mem_reserved_gb': 3.47265625, 'mem_peak_gb': 2.6277074813842773, 'elapsed_sec': 6.293790578842163}
{'epoch': 0, 'global_step': 100, 'optimizer_step': 12, 'did_optimizer_step': False, 'loss': 2.915582776069641, 'lr': 0.00018524590163934427, 'step_time_sec': 0.05490875244140625, 'optimizer_time_sec': 0.0, 'mem_alloc_gb': 1.2234420776367188, 'mem_reserved_gb': 3.47265625, 'mem_peak_gb': 2.6277074813842773, 'elapsed_sec': 6.834205150604248}
{'epoch': 0, 'global_step': 110, 'optimizer_step': 13, 'did_optimizer_step': False, 'loss': 2.995719575881958, 'lr': 0.0001836065573770492, 'step_time_sec': 0.05632472038269043, 'optimizer_time_sec': 0.0, 'mem_alloc_gb': 1.2234420776367188, 'mem_reserved_gb': 3.47265625, 'mem_peak_gb': 2.6277074813842773, 'elapsed_sec': 7.407151460647583}
{'epoch': 0, 'global_step': 120, 'optimizer_step': 15, 'did_optimizer_step': True, 'loss': 3.0114375352859497, 'lr': 0.00018032786885245904, 'step_time_sec': 0.04793667793273926, 'optimizer_time_sec': 0.0009551048278808594, 'mem_alloc_gb': 1.1313214302062988, 'mem_reserved_gb': 3.47265625, 'mem_peak_gb': 2.6277074813842773, 'elapsed_sec': 7.965926647186279}
{'epoch': 0, 'global_step': 130, 'optimizer_step': 16, 'did_optimizer_step': False, 'loss': 2.978375291824341, 'lr': 0.00017868852459016393, 'step_time_sec': 0.04350852966308594, 'optimizer_time_sec': 0.0, 'mem_alloc_gb': 1.1318750381469727, 'mem_reserved_gb': 3.47265625, 'mem_peak_gb': 2.6277074813842773, 'elapsed_sec': 8.507601976394653}
{'epoch': 0, 'global_step': 140, 'optimizer_step': 17, 'did_optimizer_step': False, 'loss': 2.9488521099090574, 'lr': 0.00017704918032786885, 'step_time_sec': 0.05280256271362305, 'optimizer_time_sec': 0.0, 'mem_alloc_gb': 1.1928181648254395, 'mem_reserved_gb': 3.47265625, 'mem_peak_gb': 2.6277074813842773, 'elapsed_sec': 9.088519096374512}
{'epoch': 0, 'global_step': 150, 'optimizer_step': 18, 'did_optimizer_step': False, 'loss': 2.9512238264083863, 'lr': 0.00017540983606557377, 'step_time_sec': 0.054737091064453125, 'optimizer_time_sec': 0.0, 'mem_alloc_gb': 1.2234420776367188, 'mem_reserved_gb': 3.47265625, 'mem_peak_gb': 2.6277074813842773, 'elapsed_sec': 9.657969236373901}
{'epoch': 0, 'global_step': 160, 'optimizer_step': 20, 'did_optimizer_step': True, 'loss': 2.929903173446655, 'lr': 0.00017213114754098362, 'step_time_sec': 0.05828571319580078, 'optimizer_time_sec': 0.0008985996246337891, 'mem_alloc_gb': 1.2214279174804688, 'mem_reserved_gb': 3.47265625, 'mem_peak_gb': 2.6277074813842773, 'elapsed_sec': 10.216156721115112}
{'epoch': 0, 'global_step': 170, 'optimizer_step': 21, 'did_optimizer_step': False, 'loss': 2.7598488569259643, 'lr': 0.0001704918032786885, 'step_time_sec': 0.04429364204406738, 'optimizer_time_sec': 0.0, 'mem_alloc_gb': 1.1424751281738281, 'mem_reserved_gb': 3.47265625, 'mem_peak_gb': 2.6277074813842773, 'elapsed_sec': 10.764453887939453}
{'epoch': 0, 'global_step': 180, 'optimizer_step': 22, 'did_optimizer_step': False, 'loss': 2.9997514963150023, 'lr': 0.00016885245901639346, 'step_time_sec': 0.057123661041259766, 'optimizer_time_sec': 0.0, 'mem_alloc_gb': 1.2234420776367188, 'mem_reserved_gb': 3.47265625, 'mem_peak_gb': 2.6277074813842773, 'elapsed_sec': 11.315298080444336}
{'epoch': 0, 'global_step': 190, 'optimizer_step': 23, 'did_optimizer_step': False, 'loss': 2.823187303543091, 'lr': 0.00016721311475409838, 'step_time_sec': 0.05509042739868164, 'optimizer_time_sec': 0.0, 'mem_alloc_gb': 1.2234420776367188, 'mem_reserved_gb': 3.47265625, 'mem_peak_gb': 2.6277074813842773, 'elapsed_sec': 11.870336055755615}
{'epoch': 0, 'global_step': 200, 'optimizer_step': 25, 'did_optimizer_step': True, 'loss': 2.93426992893219, 'lr': 0.0001639344262295082, 'step_time_sec': 0.058429718017578125, 'optimizer_time_sec': 0.0008401870727539062, 'mem_alloc_gb': 1.2214279174804688, 'mem_reserved_gb': 3.47265625, 'mem_peak_gb': 2.6277074813842773, 'elapsed_sec': 12.406106233596802}
{'epoch': 0, 'global_step': 210, 'optimizer_step': 26, 'did_optimizer_step': False, 'loss': 2.8839050054550173, 'lr': 0.00016229508196721312, 'step_time_sec': 0.057793617248535156, 'optimizer_time_sec': 0.0, 'mem_alloc_gb': 1.2234420776367188, 'mem_reserved_gb': 3.47265625, 'mem_peak_gb': 2.6277074813842773, 'elapsed_sec': 12.96376633644104}
{'epoch': 0, 'global_step': 220, 'optimizer_step': 27, 'did_optimizer_step': False, 'loss': 2.7832700490951536, 'lr': 0.00016065573770491804, 'step_time_sec': 0.05699276924133301, 'optimizer_time_sec': 0.0, 'mem_alloc_gb': 1.2234420776367188, 'mem_reserved_gb': 3.47265625, 'mem_peak_gb': 2.6277074813842773, 'elapsed_sec': 13.503647565841675}
{'epoch': 0, 'global_step': 230, 'optimizer_step': 28, 'did_optimizer_step': False, 'loss': 2.9986924171447753, 'lr': 0.00015901639344262296, 'step_time_sec': 0.05632162094116211, 'optimizer_time_sec': 0.0, 'mem_alloc_gb': 1.2234420776367188, 'mem_reserved_gb': 3.47265625, 'mem_peak_gb': 2.6277074813842773, 'elapsed_sec': 14.067810297012329}
{'epoch': 0, 'global_step': 240, 'optimizer_step': 30, 'did_optimizer_step': True, 'loss': 2.924783229827881, 'lr': 0.0001557377049180328, 'step_time_sec': 0.05991244316101074, 'optimizer_time_sec': 0.0009112358093261719, 'mem_alloc_gb': 1.2214279174804688, 'mem_reserved_gb': 3.47265625, 'mem_peak_gb': 2.6277074813842773, 'elapsed_sec': 14.633452415466309}
{'epoch': 0, 'global_step': 250, 'optimizer_step': 31, 'did_optimizer_step': False, 'loss': 2.8607770681381224, 'lr': 0.0001540983606557377, 'step_time_sec': 0.056455373764038086, 'optimizer_time_sec': 0.0, 'mem_alloc_gb': 1.2234420776367188, 'mem_reserved_gb': 3.47265625, 'mem_peak_gb': 2.6277074813842773, 'elapsed_sec': 15.184484481811523}
{'epoch': 0, 'global_step': 260, 'optimizer_step': 32, 'did_optimizer_step': False, 'loss': 3.0050912141799926, 'lr': 0.00015245901639344262, 'step_time_sec': 0.054549455642700195, 'optimizer_time_sec': 0.0, 'mem_alloc_gb': 1.2234420776367188, 'mem_reserved_gb': 3.47265625, 'mem_peak_gb': 2.6277074813842773, 'elapsed_sec': 15.710942268371582}
